<?xml version="1.0" encoding="UTF-8"?>
<!-- Generated by org.testng.reporters.JUnitXMLReporter -->
<testsuite ignored="0" hostname="DESKTOP-LF1CERB" failures="0" tests="2" name="Opencart Tests" time="3.139" errors="0" timestamp="2022-03-12T18:54:54 IST">
  <testcase classname="testBase.BaseClass" name="@BeforeClass setup" time="1.689">
    <failure type="java.lang.NullPointerException" message="Cannot invoke &amp;quot;org.openqa.selenium.WebDriver.manage()&amp;quot; because &amp;quot;this.driver&amp;quot; is null">
      <![CDATA[java.lang.NullPointerException: Cannot invoke "org.openqa.selenium.WebDriver.manage()" because "this.driver" is null
at testBase.BaseClass.setup(BaseClass.java:60)
at java.base/java.util.ArrayList.forEach(ArrayList.java:1511)
... Removed 25 stack frames]]>
    </failure>
  </testcase> <!-- @BeforeClass setup -->
  <testcase classname="testBase.BaseClass" name="@AfterClass tearDown" time="0.0">
    <skipped/>
  </testcase> <!-- @AfterClass tearDown -->
  <testcase classname="testBase.BaseClass" name="@BeforeClass setup" time="0.001">
    <failure type="java.lang.NullPointerException" message="Cannot invoke &amp;quot;org.openqa.selenium.WebDriver.manage()&amp;quot; because &amp;quot;this.driver&amp;quot; is null">
      <![CDATA[java.lang.NullPointerException: Cannot invoke "org.openqa.selenium.WebDriver.manage()" because "this.driver" is null
at testBase.BaseClass.setup(BaseClass.java:60)
at java.base/java.util.ArrayList.forEach(ArrayList.java:1511)
... Removed 25 stack frames]]>
    </failure>
  </testcase> <!-- @BeforeClass setup -->
  <testcase classname="testBase.BaseClass" name="@AfterClass tearDown" time="0.0">
    <skipped/>
  </testcase> <!-- @AfterClass tearDown -->
  <testcase classname="testCases.Tc_01Accountregistration" name="test_account_Registration" time="0.001">
    <skipped/>
  </testcase> <!-- test_account_Registration -->
  <testcase classname="testCases.Tc_002_login" name="test_Login" time="0.001">
    <skipped/>
  </testcase> <!-- test_Login -->
</testsuite> <!-- Opencart Tests -->
